0 info it worked if it ends with ok
1 verbose cli [ 'C:\\Program Files\\nodejs\\node.exe',
1 verbose cli   'C:\\Program Files\\nodejs\\node_modules\\npm\\bin\\npm-cli.js',
1 verbose cli   'run',
1 verbose cli   'lite' ]
2 info using npm@3.6.0
3 info using node@v5.6.0
4 verbose run-script [ 'prelite', 'lite', 'postlite' ]
5 info lifecycle quick-learn-systems@1.0.0~prelite: quick-learn-systems@1.0.0
6 silly lifecycle quick-learn-systems@1.0.0~prelite: no script for prelite, continuing
7 info lifecycle quick-learn-systems@1.0.0~lite: quick-learn-systems@1.0.0
8 verbose lifecycle quick-learn-systems@1.0.0~lite: unsafe-perm in lifecycle true
9 verbose lifecycle quick-learn-systems@1.0.0~lite: PATH: C:\Program Files\nodejs\node_modules\npm\bin\node-gyp-bin;d:\Projects\xampp\htdocs\Quick Learn Systems\src\node_modules\.bin;C:\Program Files\nodejs\node_modules\npm\bin\node-gyp-bin;d:\Projects\xampp\htdocs\Quick Learn Systems\src\node_modules\.bin;C:\ProgramData\Oracle\Java\javapath;C:\Program Files (x86)\Intel\iCLS Client\;C:\Program Files\Intel\iCLS Client\;C:\WINDOWS\system32;C:\WINDOWS;C:\WINDOWS\System32\Wbem;C:\WINDOWS\System32\WindowsPowerShell\v1.0\;C:\Program Files (x86)\ATI Technologies\ATI.ACE\Core-Static;C:\Program Files (x86)\Windows Kits\8.1\Windows Performance Toolkit\;C:\Program Files\Microsoft SQL Server\110\Tools\Binn\;C:\Program Files (x86)\Microsoft SDKs\TypeScript\1.0\;C:\Program Files (x86)\QuickTime\QTSystem\;C:\Program Files\Intel\Intel(R) Management Engine Components\DAL;C:\Program Files\Intel\Intel(R) Management Engine Components\IPT;C:\Program Files (x86)\Intel\Intel(R) Management Engine Components\DAL;C:\Program Files (x86)\Intel\Intel(R) Management Engine Components\IPT;C:\Program Files (x86)\AMD\ATI.ACE\Core-Static;C:\Program Files (x86)\Skype\Phone\;C:\Program Files\nodejs\;C:\Program Files\Git\cmd;C:\Program Files\Git\mingw64\bin;C:\Program Files\Git\usr\bin;C:\Program Files (x86)\Brackets\command;D:\Projects\xampp\php;C:\ProgramData\ComposerSetup\bin;C:\Program Files\MongoDB\Server\3.2\bin;C:\Ruby23-x64\bin;C:\RailsInstaller\Git\cmd;C:\RailsInstaller\Ruby2.2.0\bin;C:\Users\Godwin Vinny Carole\AppData\Roaming\npm;C:\Users\Godwin Vinny Carole\AppData\Roaming\Composer\vendor\bin;D:\Projects\xampp\php;C:\ProgramData\ComposerSetup\bin;C:\Program Files (x86)\Microsoft VS Code\bin
10 verbose lifecycle quick-learn-systems@1.0.0~lite: CWD: d:\Projects\xampp\htdocs\Quick Learn Systems\src
11 silly lifecycle quick-learn-systems@1.0.0~lite: Args: [ '/d /s /c', 'lite-server' ]
12 silly lifecycle quick-learn-systems@1.0.0~lite: Returned: code: 3  signal: null
13 info lifecycle quick-learn-systems@1.0.0~lite: Failed to exec lite script
14 verbose stack Error: quick-learn-systems@1.0.0 lite: `lite-server`
14 verbose stack Exit status 3
14 verbose stack     at EventEmitter.<anonymous> (C:\Program Files\nodejs\node_modules\npm\lib\utils\lifecycle.js:232:16)
14 verbose stack     at emitTwo (events.js:100:13)
14 verbose stack     at EventEmitter.emit (events.js:185:7)
14 verbose stack     at ChildProcess.<anonymous> (C:\Program Files\nodejs\node_modules\npm\lib\utils\spawn.js:24:14)
14 verbose stack     at emitTwo (events.js:100:13)
14 verbose stack     at ChildProcess.emit (events.js:185:7)
14 verbose stack     at maybeClose (internal/child_process.js:827:16)
14 verbose stack     at Process.ChildProcess._handle.onexit (internal/child_process.js:211:5)
15 verbose pkgid quick-learn-systems@1.0.0
16 verbose cwd d:\Projects\xampp\htdocs\Quick Learn Systems\src
17 error Windows_NT 10.0.10586
18 error argv "C:\\Program Files\\nodejs\\node.exe" "C:\\Program Files\\nodejs\\node_modules\\npm\\bin\\npm-cli.js" "run" "lite"
19 error node v5.6.0
20 error npm  v3.6.0
21 error code ELIFECYCLE
22 error quick-learn-systems@1.0.0 lite: `lite-server`
22 error Exit status 3
23 error Failed at the quick-learn-systems@1.0.0 lite script 'lite-server'.
23 error Make sure you have the latest version of node.js and npm installed.
23 error If you do, this is most likely a problem with the quick-learn-systems package,
23 error not with npm itself.
23 error Tell the author that this fails on your system:
23 error     lite-server
23 error You can get information on how to open an issue for this project with:
23 error     npm bugs quick-learn-systems
23 error Or if that isn't available, you can get their info via:
23 error     npm owner ls quick-learn-systems
23 error There is likely additional logging output above.
24 verbose exit [ 1, true ]
